0 info it worked if it ends with ok
1 verbose cli [ '/home/rob/.nvm/versions/node/v7.1.0/bin/node',
1 verbose cli   '/home/rob/.nvm/versions/node/v7.1.0/bin/npm',
1 verbose cli   'run-script',
1 verbose cli   'build' ]
2 info using npm@3.10.9
3 info using node@v7.1.0
4 verbose run-script [ 'prebuild', 'build', 'postbuild' ]
5 info lifecycle lottery-token@1.0.0~prebuild: lottery-token@1.0.0
6 silly lifecycle lottery-token@1.0.0~prebuild: no script for prebuild, continuing
7 info lifecycle lottery-token@1.0.0~build: lottery-token@1.0.0
8 verbose lifecycle lottery-token@1.0.0~build: unsafe-perm in lifecycle true
9 verbose lifecycle lottery-token@1.0.0~build: PATH: /home/rob/.nvm/versions/node/v7.1.0/lib/node_modules/npm/bin/node-gyp-bin:/home/rob/projects/artworld-ethereum/dapps/lottery-token/node_modules/.bin:/home/rob/.opam/4.03.0/bin:/home/rob/.cargo/bin:/home/rob/bin:/home/rob/.nvm/versions/node/v7.1.0/bin:/home/rob/.opam/4.03.0/bin:/home/rob/.cask/bin:/home/rob/go/bin:/home/rob/src/icon-v951src/bin:~/.composer/vendor/bin:/home/rob/.opam/4.03.0/bin:/home/rob/.cargo/bin:/home/rob/.rvm/gems/ruby-2.3.0/bin:/home/rob/.rvm/gems/ruby-2.3.0@global/bin:/home/rob/.rvm/rubies/ruby-2.3.0/bin:/home/rob/bin:/home/rob/.opam/4.03.0/bin:/home/rob/.cask/bin:/home/rob/go/bin:/home/rob/src/icon-v951src/bin:~/.composer/vendor/bin:/home/rob/.opam/4.03.0/bin:/home/rob/.cask/bin:/home/rob/go/bin:/home/rob/src/icon-v951src/bin:~/.composer/vendor/bin:/home/rob/.opam/4.03.0/bin:/home/rob/.cargo/bin:/home/rob/bin:/usr/local/bin:/usr/bin:/bin:/usr/local/games:/usr/games:/home/rob/.rvm/bin:/home/rob/bin:/usr/local/go/bin:/home/rob/.rvm/bin:/home/rob/bin:/usr/local/go/bin:/home/rob/.rvm/bin:/home/rob/.rvm/bin:/home/rob/bin:/usr/local/go/bin:/home/rob/.rvm/bin:/home/rob/.rvm/bin:/usr/local/share/scala/bin
10 verbose lifecycle lottery-token@1.0.0~build: CWD: /home/rob/projects/artworld-ethereum/dapps/lottery-token
11 silly lifecycle lottery-token@1.0.0~build: Args: [ '-c', 'webpack' ]
12 silly lifecycle lottery-token@1.0.0~build: Returned: code: 2  signal: null
13 info lifecycle lottery-token@1.0.0~build: Failed to exec build script
14 verbose stack Error: lottery-token@1.0.0 build: `webpack`
14 verbose stack Exit status 2
14 verbose stack     at EventEmitter.<anonymous> (/home/rob/.nvm/versions/node/v7.1.0/lib/node_modules/npm/lib/utils/lifecycle.js:255:16)
14 verbose stack     at emitTwo (events.js:106:13)
14 verbose stack     at EventEmitter.emit (events.js:191:7)
14 verbose stack     at ChildProcess.<anonymous> (/home/rob/.nvm/versions/node/v7.1.0/lib/node_modules/npm/lib/utils/spawn.js:40:14)
14 verbose stack     at emitTwo (events.js:106:13)
14 verbose stack     at ChildProcess.emit (events.js:191:7)
14 verbose stack     at maybeClose (internal/child_process.js:885:16)
14 verbose stack     at Process.ChildProcess._handle.onexit (internal/child_process.js:226:5)
15 verbose pkgid lottery-token@1.0.0
16 verbose cwd /home/rob/projects/artworld-ethereum/dapps/lottery-token/app
17 error Linux 3.16.0-4-amd64
18 error argv "/home/rob/.nvm/versions/node/v7.1.0/bin/node" "/home/rob/.nvm/versions/node/v7.1.0/bin/npm" "run-script" "build"
19 error node v7.1.0
20 error npm  v3.10.9
21 error code ELIFECYCLE
22 error lottery-token@1.0.0 build: `webpack`
22 error Exit status 2
23 error Failed at the lottery-token@1.0.0 build script 'webpack'.
23 error Make sure you have the latest version of node.js and npm installed.
23 error If you do, this is most likely a problem with the lottery-token package,
23 error not with npm itself.
23 error Tell the author that this fails on your system:
23 error     webpack
23 error You can get information on how to open an issue for this project with:
23 error     npm bugs lottery-token
23 error Or if that isn't available, you can get their info via:
23 error     npm owner ls lottery-token
23 error There is likely additional logging output above.
24 verbose exit [ 1, true ]
